<?xml version="1.0" encoding="UTF-8"?>
<testng-results total="0" passed="0" failed="0" skipped="0">
  <reporter-output>
  </reporter-output>
  <suite started-at="2024-02-07T02:38:08Z" name="Default suite" finished-at="2024-02-07T02:38:18Z" duration-ms="9219">
    <groups>
    </groups>
    <test started-at="2024-02-07T02:38:08Z" name="Default test" finished-at="2024-02-07T02:38:18Z" duration-ms="9219">
      <class name="pspTech.karigor.testCases.HomePage">
        <test-method is-config="true" signature="setUp()[pri:0, instance:pspTech.karigor.testCases.HomePage@27eedb64]" started-at="2024-02-06T21:38:08Z" name="setUp" finished-at="2024-02-06T21:38:18Z" duration-ms="9213" status="PASS">
          <reporter-output>
          </reporter-output>
        </test-method> <!-- setUp -->
      </class> <!-- pspTech.karigor.testCases.HomePage -->
    </test> <!-- Default test -->
  </suite> <!-- Default suite -->
</testng-results>
